-------------------------------------------------------------------------------
Test set: TestSuite
-------------------------------------------------------------------------------
Tests run: 6, Failures: 1, Errors: 0, Skipped: 0, Time elapsed: 4.689 s <<< FAILURE! - in TestSuite
com.solvd.homework21.GithubTest.verifyUserTest  Time elapsed: 2.236 s  <<< FAILURE!
java.lang.AssertionError: 
name
Expected: РђСЂС‚С‘Рј РџРµС‚СЂРѕРІ
     got: Артём Петров

	at com.solvd.homework21.GithubTest.verifyUserTest(GithubTest.java:54)

