<?xml version="1.0" encoding="UTF-8"?>
<testsuite xmlns:xsi="http://www.w3.org/2001/XMLSchema-instance" xsi:noNamespaceSchemaLocation="https://maven.apache.org/surefire/maven-surefire-plugin/xsd/surefire-test-report-3.0.xsd" version="3.0" name="TestSuite" time="4.689" tests="6" errors="0" skipped="0" failures="1">
  <properties>
[...]
</properties>
  <testcase name="verifyUserTest" classname="com.solvd.homework21.GithubTest" time="2.236">
    <failure message="name&#10;Expected: РђСЂС‚С‘Рј РџРµС‚СЂРѕРІ&#10;     got: Артём Петров&#10;" type="java.lang.AssertionError"><![CDATA[java.lang.AssertionError: 
name
Expected: РђСЂС‚С‘Рј РџРµС‚СЂРѕРІ
     got: Артём Петров

	at com.solvd.homework21.GithubTest.verifyUserTest(GithubTest.java:54)
]]></failure>
    <system-out><![CDATA[WARN! Value not resolved by key: log_all_json
WARN! Value not resolved by key: log_all_json
WARN! Value not resolved by key: ignore_ssl
WARN! Value not resolved by key: log_all_json
WARN! Value not resolved by key: log_all_json
WARN! Value not resolved by key: ignore_ssl
WARN! Value not resolved by key: log_all_json
WARN! Value not resolved by key: log_all_json
WARN! Value not resolved by key: ignore_ssl
WARN! Value not resolved by key: crypto_key_path
2021-12-25 23:27:39 CryptoTool [TestNG-test=githubTest-3] [ERROR] Can't load secret key!
java.io.FileNotFoundException: File '' does not exist
	at org.apache.commons.io.FileUtils.openInputStream(FileUtils.java:2115)
	at org.apache.commons.io.FileUtils.readFileToByteArray(FileUtils.java:2200)
	at com.qaprosoft.carina.core.foundation.crypto.SecretKeyManager.loadKey(SecretKeyManager.java:44)
	at com.qaprosoft.carina.core.foundation.crypto.CryptoTool.<init>(CryptoTool.java:67)
	at com.qaprosoft.carina.core.foundation.crypto.CryptoTool.<init>(CryptoTool.java:60)
	at com.qaprosoft.apitools.builder.CryptoProcessor.<clinit>(CryptoProcessor.java:29)
	at com.qaprosoft.apitools.builder.PropertiesProcessorMain.<clinit>(PropertiesProcessorMain.java:29)
	at com.qaprosoft.carina.core.foundation.api.AbstractApiMethodV2.<init>(AbstractApiMethodV2.java:76)
	at com.qaprosoft.carina.core.foundation.api.AbstractApiMethodV2.<init>(AbstractApiMethodV2.java:94)
	at com.solvd.homework21.PostRepositoryMethod.<init>(PostRepositoryMethod.java:9)
	at com.solvd.homework21.GithubTest.checkCreateRepositoryTest(GithubTest.java:60)
	at java.base/jdk.internal.reflect.NativeMethodAccessorImpl.invoke0(Native Method)
	at java.base/jdk.internal.reflect.NativeMethodAccessorImpl.invoke(NativeMethodAccessorImpl.java:62)
	at java.base/jdk.internal.reflect.DelegatingMethodAccessorImpl.invoke(DelegatingMethodAccessorImpl.java:43)
	at java.base/java.lang.reflect.Method.invoke(Method.java:566)
	at org.testng.internal.MethodInvocationHelper.invokeMethod(MethodInvocationHelper.java:133)
	at org.testng.internal.TestInvoker.invokeMethod(TestInvoker.java:598)
	at org.testng.internal.TestInvoker.invokeTestMethod(TestInvoker.java:173)
	at org.testng.internal.MethodRunner.runInSequence(MethodRunner.java:46)
	at org.testng.internal.TestInvoker$MethodInvocationAgent.invoke(TestInvoker.java:824)
	at org.testng.internal.TestInvoker.invokeTestMethods(TestInvoker.java:146)
	at org.testng.internal.TestMethodWorker.invokeTestMethods(TestMethodWorker.java:146)
	at org.testng.internal.TestMethodWorker.run(TestMethodWorker.java:128)
	at java.base/java.util.concurrent.ThreadPoolExecutor.runWorker(ThreadPoolExecutor.java:1128)
	at java.base/java.util.concurrent.ThreadPoolExecutor$Worker.run(ThreadPoolExecutor.java:628)
	at java.base/java.lang.Thread.run(Thread.java:834)
Unable to find in classpath: gallery-lib.zip
WARN! Value not resolved by key: proxy_host
WARN! Value not resolved by key: proxy_port
WARN! Value not resolved by key: no_proxy
WARN! Value not resolved by key: proxy_protocols
WARN! Value not resolved by key: proxy_host
WARN! Value not resolved by key: proxy_port
WARN! Value not resolved by key: no_proxy
WARN! Value not resolved by key: proxy_protocols
WARN! Value not resolved by key: proxy_host
WARN! Value not resolved by key: proxy_port
WARN! Value not resolved by key: no_proxy
WARN! Value not resolved by key: proxy_protocols
]]></system-out>
  </testcase>
  <testcase name="verifyRepositoryTest[com.solvd.homework21.RepositoryInfo@7eccd19e](1)" classname="com.solvd.homework21.GithubTest" time="2.237"/>
  <testcase name="verifyRepositoryTest[com.solvd.homework21.RepositoryInfo@46dd5a70](2)" classname="com.solvd.homework21.GithubTest" time="0.429">
    <system-out><![CDATA[WARN! Value not resolved by key: log_all_json
WARN! Value not resolved by key: log_all_json
WARN! Value not resolved by key: ignore_ssl
WARN! Value not resolved by key: proxy_host
WARN! Value not resolved by key: proxy_port
WARN! Value not resolved by key: no_proxy
WARN! Value not resolved by key: proxy_protocols
]]></system-out>
  </testcase>
  <testcase name="checkCreateRepositoryTest" classname="com.solvd.homework21.GithubTest" time="0.599"/>
  <testcase name="checkUpdateRepositoryTest" classname="com.solvd.homework21.GithubTest" time="0.65">
    <system-out><![CDATA[WARN! Value not resolved by key: log_all_json
WARN! Value not resolved by key: log_all_json
WARN! Value not resolved by key: ignore_ssl
WARN! Value not resolved by key: proxy_host
WARN! Value not resolved by key: proxy_port
WARN! Value not resolved by key: no_proxy
WARN! Value not resolved by key: proxy_protocols
]]></system-out>
  </testcase>
  <testcase name="checkDeleteRepositoryTest" classname="com.solvd.homework21.GithubTest" time="0.619">
    <system-out><![CDATA[WARN! Value not resolved by key: log_all_json
WARN! Value not resolved by key: log_all_json
WARN! Value not resolved by key: ignore_ssl
WARN! Value not resolved by key: proxy_host
WARN! Value not resolved by key: proxy_port
WARN! Value not resolved by key: no_proxy
WARN! Value not resolved by key: proxy_protocols
]]></system-out>
  </testcase>
</testsuite>